{"C:\\Users\\HP\\Documents\\Git repos\\Meal_Gallery\\src\\app\\utils\\homeItemsCounter.js": {"path":"C:\\Users\\HP\\Documents\\Git repos\\Meal_Gallery\\src\\app\\utils\\homeItemsCounter.js","statementMap":{"0":{"start":{"line":3,"column":25},"end":{"line":18,"column":1}},"1":{"start":{"line":4,"column":14},"end":{"line":4,"column":77}},"2":{"start":{"line":6,"column":21},"end":{"line":15,"column":24}},"3":{"start":{"line":7,"column":24},"end":{"line":7,"column":48}},"4":{"start":{"line":8,"column":23},"end":{"line":8,"column":41}},"5":{"start":{"line":9,"column":21},"end":{"line":9,"column":44}},"6":{"start":{"line":10,"column":17},"end":{"line":10,"column":38}},"7":{"start":{"line":11,"column":4},"end":{"line":13,"column":5}},"8":{"start":{"line":12,"column":6},"end":{"line":12,"column":29}},"9":{"start":{"line":14,"column":4},"end":{"line":14,"column":23}},"10":{"start":{"line":17,"column":2},"end":{"line":17,"column":20}}},"fnMap":{"0":{"name":"(anonymous_0)","decl":{"start":{"line":3,"column":25},"end":{"line":3,"column":26}},"loc":{"start":{"line":3,"column":46},"end":{"line":18,"column":1}},"line":3},"1":{"name":"(anonymous_1)","decl":{"start":{"line":6,"column":44},"end":{"line":6,"column":45}},"loc":{"start":{"line":6,"column":80},"end":{"line":15,"column":3}},"line":6}},"branchMap":{"0":{"loc":{"start":{"line":11,"column":4},"end":{"line":13,"column":5}},"type":"if","locations":[{"start":{"line":11,"column":4},"end":{"line":13,"column":5}},{"start":{},"end":{}}],"line":11}},"s":{"0":1,"1":1,"2":1,"3":3,"4":3,"5":3,"6":3,"7":3,"8":3,"9":0,"10":1},"f":{"0":1,"1":3},"b":{"0":[3,0]},"_coverageSchema":"1a1c01bbd47fc00a2c39e90264f33305004495a9","hash":"1be4f4975b2fc2dc1431846686611c5f4e09b959"}
,"C:\\Users\\HP\\Documents\\Git repos\\Meal_Gallery\\src\\app\\utils\\api\\key.js": {"path":"C:\\Users\\HP\\Documents\\Git repos\\Meal_Gallery\\src\\app\\utils\\api\\key.js","statementMap":{"0":{"start":{"line":1,"column":23},"end":{"line":1,"column":26}},"1":{"start":{"line":2,"column":27},"end":{"line":2,"column":49}}},"fnMap":{},"branchMap":{},"s":{"0":1,"1":1},"f":{},"b":{},"_coverageSchema":"1a1c01bbd47fc00a2c39e90264f33305004495a9","hash":"8bba5245910d7fb5474d2ce8de887e68eab67a4c"}
}
